============================= test session starts ==============================
platform darwin -- Python 3.9.6, pytest-8.4.2, pluggy-1.6.0 -- /Library/Developer/CommandLineTools/usr/bin/python3
cachedir: .pytest_cache
rootdir: /Users/anmol/dev/agivant-qa-assignment
configfile: pytest.ini
collecting ... collected 19 items

tests/test_functional.py::TestCrud::test_FT01_create_vertex_accepted PASSED [  5%]
tests/test_functional.py::TestCrud::test_FT02_read_back_returns_correct_value PASSED [ 10%]
tests/test_functional.py::TestCrud::test_FT03_update_in_place_not_duplicate PASSED [ 15%]
tests/test_functional.py::TestCrud::test_FT04_create_edge_accepted PASSED [ 21%]
tests/test_functional.py::TestCrud::test_FT05_out_edge_count_after_insert PASSED [ 26%]
tests/test_functional.py::TestCrud::test_FT06_upsert_dedup_no_duplicate_edge PASSED [ 31%]
tests/test_functional.py::TestCrud::test_FT07_delete_vertex_gone PASSED  [ 36%]
tests/test_functional.py::TestQueries::test_FT08_installed_query_getAccount PASSED [ 42%]
tests/test_functional.py::TestQueries::test_FT09_khop_traversal_deterministic PASSED [ 47%]
tests/test_functional.py::TestQueries::test_FT10_aggregation_count PASSED [ 52%]
tests/test_functional.py::TestQueries::test_FT11_aggregation_sum_balance PASSED [ 57%]
tests/test_functional.py::TestQueries::test_FT12_filtering_count_balance_over_1500 PASSED [ 63%]
tests/test_database.py::test_DT01_read_after_write_consistency PASSED    [ 68%]
tests/test_database.py::test_DT02_query_result_determinism PASSED        [ 73%]
tests/test_database.py::test_DT03_double_precision_round_trip PASSED     [ 78%]
tests/test_database.py::test_DT04_edge_attribute_round_trip PASSED       [ 84%]
tests/test_database.py::test_DT05_referential_integrity_edge_target_exists PASSED [ 89%]
tests/test_database.py::test_DT06_controlled_out_edge_count_exact PASSED [ 94%]
tests/test_database.py::test_DT07_missing_vertex_clean_error PASSED      [100%]

=============================== warnings summary ===============================
../../Library/Python/3.9/lib/python/site-packages/urllib3/__init__.py:35
  /Users/anmol/Library/Python/3.9/lib/python/site-packages/urllib3/__init__.py:35: NotOpenSSLWarning: urllib3 v2 only supports OpenSSL 1.1.1+, currently the 'ssl' module is compiled with 'LibreSSL 2.8.3'. See: https://github.com/urllib3/urllib3/issues/3020
    warnings.warn(

-- Docs: https://docs.pytest.org/en/stable/how-to/capture-warnings.html
======================== 19 passed, 1 warning in 24.00s ========================
